<?xml version="1.0" encoding="UTF-8"?>
<!-- Generated by org.testng.reporters.JUnitXMLReporter -->
<testsuite ignored="0" hostname="RGANDHIN-7410" failures="1" tests="1" name="Test" time="0.087" errors="0" timestamp="2022-06-24T16:32:27 IST">
  <testcase classname="com.testsotetracker.TestScript01" name="test001_EditLightningInlineDataTable" time="0.058">
    <failure type="java.lang.ExceptionInInitializerError">
      <![CDATA[java.lang.ExceptionInInitializerError
at utlis.ElementFetch.getWebElement(ElementFetch.java:20)
at pageEvent.DeveloperGuidePage.verifyDeveloperGuidePage(DeveloperGuidePage.java:12)
at com.testsotetracker.TestScript01.test001_EditLightningInlineDataTable(TestScript01.java:15)
at java.base/java.util.ArrayList.forEach(ArrayList.java:1511)
Caused by: java.lang.IllegalStateException: The path to the driver executable must be set by the webdriver.chrome.driver system property; for more information, see https://github.com/SeleniumHQ/selenium/wiki/ChromeDriver. The latest version can be downloaded from http://chromedriver.storage.googleapis.com/index.html
at com.google.common.base.Preconditions.checkState(Preconditions.java:847)
at org.openqa.selenium.remote.service.DriverService.findExecutable(DriverService.java:134)
at org.openqa.selenium.chrome.ChromeDriverService.access$000(ChromeDriverService.java:35)
at org.openqa.selenium.chrome.ChromeDriverService$Builder.findDefaultExecutable(ChromeDriverService.java:159)
at org.openqa.selenium.remote.service.DriverService$Builder.build(DriverService.java:355)
at org.openqa.selenium.chrome.ChromeDriverService.createDefaultService(ChromeDriverService.java:94)
at org.openqa.selenium.chrome.ChromeDriver.<init>(ChromeDriver.java:123)
at com.sitetracker.BaseClass.<clinit>(BaseClass.java:18)
... 31 more
... Removed 27 stack frames]]>
    </failure>
  </testcase> <!-- test001_EditLightningInlineDataTable -->
</testsuite> <!-- Test -->
